<?xml version="1.0" encoding="UTF-8"?>
<!-- Generated by org.testng.reporters.JUnitReportReporter -->
<testsuite hostname="DESKTOP-5F5FP5N" failures="0" tests="1" name="Vtiger.CreateConWthSupportStartEndDate" time="86.347" errors="0" timestamp="2024-08-01T23:09:46 IST" skipped="0">
  <testcase classname="Vtiger.CreateConWthSupportStartEndDate" name="startEndDate" time="86.347"/>
</testsuite> <!-- Vtiger.CreateConWthSupportStartEndDate -->
