<?xml version="1.0" encoding="UTF-8"?>
<!-- Generated by org.testng.reporters.JUnitReportReporter -->
<testsuite hostname="DESKTOP-5F5FP5N" failures="0" tests="1" name="Vtiger.CreateVendors" time="97.342" errors="0" timestamp="2024-08-01T22:42:43 IST" skipped="0">
  <testcase classname="Vtiger.CreateVendors" name="createVendor" time="97.342">
    <system-out>
      <![CDATA[createVendor
createVendor]]>
    </system-out>
  </testcase> <!-- createVendor -->
  <system-out>
    <![CDATA[createVendor
createVendor]]>
  </system-out>
</testsuite> <!-- Vtiger.CreateVendors -->
