<?xml version="1.0" encoding="UTF-8"?>
<!-- Generated by org.testng.reporters.JUnitReportReporter -->
<testsuite hostname="DESKTOP-5F5FP5N" failures="0" tests="1" name="Vtiger.CreateOrganization" time="283.734" errors="0" timestamp="2024-08-01T20:54:27 IST" skipped="0">
  <testcase classname="Vtiger.CreateOrganization" name="createOrganization" time="283.734">
    <system-out>
      <![CDATA[createOrganization
createOrganization]]>
    </system-out>
  </testcase> <!-- createOrganization -->
  <system-out>
    <![CDATA[createOrganization
createOrganization]]>
  </system-out>
</testsuite> <!-- Vtiger.CreateOrganization -->
